<?xml version="1.0" encoding="UTF-8" ?>
<testsuite failures="0" time="0.015" errors="0" skipped="0" tests="11" name="com.kolong.tongji.vo.SecondLevelIndicatorTest">
  <properties>
    <property name="java.runtime.name" value="Java(TM) SE Runtime Environment"/>
    <property name="sun.boot.library.path" value="D:\Java\jdk1.7.0\jre\bin"/>
    <property name="java.vm.version" value="21.0-b17"/>
    <property name="java.vm.vendor" value="Oracle Corporation"/>
    <property name="java.vendor.url" value="http://java.oracle.com/"/>
    <property name="path.separator" value=";"/>
    <property name="java.vm.name" value="Java HotSpot(TM) Client VM"/>
    <property name="file.encoding.pkg" value="sun.io"/>
    <property name="user.script" value=""/>
    <property name="user.country" value="CN"/>
    <property name="sun.java.launcher" value="SUN_STANDARD"/>
    <property name="sun.os.patch.level" value="Service Pack 3"/>
    <property name="java.vm.specification.name" value="Java Virtual Machine Specification"/>
    <property name="user.dir" value="D:\workspaces\myeclipse10\tongji_test"/>
    <property name="java.runtime.version" value="1.7.0-b147"/>
    <property name="java.awt.graphicsenv" value="sun.awt.Win32GraphicsEnvironment"/>
    <property name="basedir" value="D:\workspaces\myeclipse10\tongji_test"/>
    <property name="java.endorsed.dirs" value="D:\Java\jdk1.7.0\jre\lib\endorsed"/>
    <property name="os.arch" value="x86"/>
    <property name="surefire.real.class.path" value="D:\workspaces\myeclipse10\tongji_test\target\surefire\surefirebooter4313109674001570852.jar"/>
    <property name="java.io.tmpdir" value="C:\DOCUME~1\ADMINI~1\LOCALS~1\Temp\"/>
    <property name="line.separator" value="
"/>
    <property name="java.vm.specification.vendor" value="Oracle Corporation"/>
    <property name="user.variant" value=""/>
    <property name="os.name" value="Windows XP"/>
    <property name="sun.jnu.encoding" value="GBK"/>
    <property name="java.library.path" value="D:\Java\jdk1.7.0\jre\bin;C:\windows\Sun\Java\bin;C:\windows\system32;C:\windows;E:/MyEclipse/Common/binary/com.sun.java.jdk.win32.x86_1.6.0.013/jre/bin/client;E:/MyEclipse/Common/binary/com.sun.java.jdk.win32.x86_1.6.0.013/jre/bin;E:/MyEclipse/Common/binary/com.sun.java.jdk.win32.x86_1.6.0.013/jre/lib/i386;;D:\apache-maven-3.1.1\bin;C:\Program Files\MySQL\MySQL Server 5.5\bin;D:\Java\jdk1.7.0\bin;C:\windows\system32;C:\windows;C:\windows\System32\Wbem;C:\Program Files\ThinkPad Wireless LAN Adapter Software;C:\Program Files\TortoiseSVN\bin;D:\Git\cmd;E:\mongodb-win32-i386-2.0.9\bin;F:\我的微盘\ideaIU-138.777\bin;D:\jad158g.win;C:\Program Files\SSH Communications Security\SSH Secure Shell;."/>
    <property name="surefire.test.class.path" value="D:\workspaces\myeclipse10\tongji_test\target\test-classes;D:\workspaces\myeclipse10\tongji_test\target\classes;F:\local\repo\javax\servlet\servlet-api\2.4\servlet-api-2.4.jar;F:\local\repo\javax\servlet\jsp\jsp-api\2.1\jsp-api-2.1.jar;F:\local\repo\org\apache\commons\commons-dbcp2\2.0\commons-dbcp2-2.0.jar;F:\local\repo\commons-logging\commons-logging\1.1.3\commons-logging-1.1.3.jar;F:\local\repo\org\apache\commons\commons-pool2\2.2\commons-pool2-2.2.jar;F:\local\repo\log4j\log4j\1.2.11\log4j-1.2.11.jar;F:\local\repo\mysql\mysql-connector-java\5.1.29\mysql-connector-java-5.1.29.jar;F:\local\repo\commons-dbutils\commons-dbutils\1.5\commons-dbutils-1.5.jar;F:\local\repo\junit\junit\3.8.1\junit-3.8.1.jar;F:\local\repo\net\sf\json-lib\json-lib\2.1\json-lib-2.1-jdk15.jar;F:\local\repo\commons-beanutils\commons-beanutils\1.7.0\commons-beanutils-1.7.0.jar;F:\local\repo\commons-collections\commons-collections\3.2\commons-collections-3.2.jar;F:\local\repo\commons-lang\commons-lang\2.3\commons-lang-2.3.jar;F:\local\repo\net\sf\ezmorph\ezmorph\1.0.3\ezmorph-1.0.3.jar;"/>
    <property name="java.specification.name" value="Java Platform API Specification"/>
    <property name="java.class.version" value="51.0"/>
    <property name="sun.management.compiler" value="HotSpot Client Compiler"/>
    <property name="os.version" value="5.1"/>
    <property name="user.home" value="C:\Documents and Settings\Administrator"/>
    <property name="user.timezone" value="Asia/Shanghai"/>
    <property name="java.awt.printerjob" value="sun.awt.windows.WPrinterJob"/>
    <property name="java.specification.version" value="1.7"/>
    <property name="file.encoding" value="GBK"/>
    <property name="user.name" value="Administrator"/>
    <property name="java.class.path" value="D:\workspaces\myeclipse10\tongji_test\target\test-classes;D:\workspaces\myeclipse10\tongji_test\target\classes;F:\local\repo\javax\servlet\servlet-api\2.4\servlet-api-2.4.jar;F:\local\repo\javax\servlet\jsp\jsp-api\2.1\jsp-api-2.1.jar;F:\local\repo\org\apache\commons\commons-dbcp2\2.0\commons-dbcp2-2.0.jar;F:\local\repo\commons-logging\commons-logging\1.1.3\commons-logging-1.1.3.jar;F:\local\repo\org\apache\commons\commons-pool2\2.2\commons-pool2-2.2.jar;F:\local\repo\log4j\log4j\1.2.11\log4j-1.2.11.jar;F:\local\repo\mysql\mysql-connector-java\5.1.29\mysql-connector-java-5.1.29.jar;F:\local\repo\commons-dbutils\commons-dbutils\1.5\commons-dbutils-1.5.jar;F:\local\repo\junit\junit\3.8.1\junit-3.8.1.jar;F:\local\repo\net\sf\json-lib\json-lib\2.1\json-lib-2.1-jdk15.jar;F:\local\repo\commons-beanutils\commons-beanutils\1.7.0\commons-beanutils-1.7.0.jar;F:\local\repo\commons-collections\commons-collections\3.2\commons-collections-3.2.jar;F:\local\repo\commons-lang\commons-lang\2.3\commons-lang-2.3.jar;F:\local\repo\net\sf\ezmorph\ezmorph\1.0.3\ezmorph-1.0.3.jar;"/>
    <property name="java.vm.specification.version" value="1.7"/>
    <property name="sun.arch.data.model" value="32"/>
    <property name="java.home" value="D:\Java\jdk1.7.0\jre"/>
    <property name="sun.java.command" value="D:\workspaces\myeclipse10\tongji_test\target\surefire\surefirebooter4313109674001570852.jar D:\workspaces\myeclipse10\tongji_test\target\surefire\surefire3931269099396818883tmp D:\workspaces\myeclipse10\tongji_test\target\surefire\surefire2636803360785371138tmp"/>
    <property name="java.specification.vendor" value="Oracle Corporation"/>
    <property name="user.language" value="zh"/>
    <property name="awt.toolkit" value="sun.awt.windows.WToolkit"/>
    <property name="java.vm.info" value="mixed mode, sharing"/>
    <property name="java.version" value="1.7.0"/>
    <property name="java.ext.dirs" value="D:\Java\jdk1.7.0\jre\lib\ext;C:\windows\Sun\Java\lib\ext"/>
    <property name="sun.boot.class.path" value="D:\Java\jdk1.7.0\jre\lib\resources.jar;D:\Java\jdk1.7.0\jre\lib\rt.jar;D:\Java\jdk1.7.0\jre\lib\sunrsasign.jar;D:\Java\jdk1.7.0\jre\lib\jsse.jar;D:\Java\jdk1.7.0\jre\lib\jce.jar;D:\Java\jdk1.7.0\jre\lib\charsets.jar;D:\Java\jdk1.7.0\jre\classes"/>
    <property name="java.vendor" value="Oracle Corporation"/>
    <property name="localRepository" value="F:\local\repo"/>
    <property name="file.separator" value="\"/>
    <property name="java.vendor.url.bug" value="http://bugreport.sun.com/bugreport/"/>
    <property name="sun.cpu.endian" value="little"/>
    <property name="sun.io.unicode.encoding" value="UnicodeLittle"/>
    <property name="sun.desktop" value="windows"/>
    <property name="sun.cpu.isalist" value="pentium_pro+mmx pentium_pro pentium+mmx pentium i486 i386 i86"/>
  </properties>
  <testcase time="0" classname="com.kolong.tongji.vo.SecondLevelIndicatorTest" name="testGetInfoIndex"/>
  <testcase time="0" classname="com.kolong.tongji.vo.SecondLevelIndicatorTest" name="testGetViewIndex"/>
  <testcase time="0" classname="com.kolong.tongji.vo.SecondLevelIndicatorTest" name="testGetReprintIndex"/>
  <testcase time="0" classname="com.kolong.tongji.vo.SecondLevelIndicatorTest" name="testGetReplyIndex"/>
  <testcase time="0" classname="com.kolong.tongji.vo.SecondLevelIndicatorTest" name="testGetContIndex"/>
  <testcase time="0" classname="com.kolong.tongji.vo.SecondLevelIndicatorTest" name="testGetOpinionIndex"/>
  <testcase time="0" classname="com.kolong.tongji.vo.SecondLevelIndicatorTest" name="testGetSiteIndex"/>
  <testcase time="0" classname="com.kolong.tongji.vo.SecondLevelIndicatorTest" name="testGetAreaIndex"/>
  <testcase time="0" classname="com.kolong.tongji.vo.SecondLevelIndicatorTest" name="testGetTypeIndex"/>
  <testcase time="0" classname="com.kolong.tongji.vo.SecondLevelIndicatorTest" name="testGetInfluIndex"/>
  <testcase time="0" classname="com.kolong.tongji.vo.SecondLevelIndicatorTest" name="testGetNumIndex"/>
</testsuite>